c:\users\administrator\source\repos\荒野行动_ai\荒野行动\x64\release\vc143.pdb
c:\users\administrator\source\repos\荒野行动_ai\荒野行动\x64\release\ygdrvcontrol.obj
c:\users\administrator\source\repos\荒野行动_ai\荒野行动\x64\release\ygdrvapp.obj
c:\users\administrator\source\repos\荒野行动_ai\荒野行动\x64\release\pch.obj
c:\users\administrator\source\repos\荒野行动_ai\荒野行动\x64\release\table.obj
c:\users\administrator\source\repos\荒野行动_ai\荒野行动\x64\release\struct.obj
c:\users\administrator\source\repos\荒野行动_ai\荒野行动\x64\release\imgui_widgets.obj
c:\users\administrator\source\repos\荒野行动_ai\荒野行动\x64\release\imgui_tables.obj
c:\users\administrator\source\repos\荒野行动_ai\荒野行动\x64\release\imgui_impl_win32.obj
c:\users\administrator\source\repos\荒野行动_ai\荒野行动\x64\release\imgui_impl_dx11.obj
c:\users\administrator\source\repos\荒野行动_ai\荒野行动\x64\release\imgui_draw.obj
c:\users\administrator\source\repos\荒野行动_ai\荒野行动\x64\release\imgui.obj
c:\users\administrator\source\repos\荒野行动_ai\荒野行动\x64\release\engine.obj
c:\users\administrator\source\repos\荒野行动_ai\荒野行动\x64\release\dx11.obj
c:\users\administrator\source\repos\荒野行动_ai\荒野行动\x64\release\dllmain.obj
c:\users\administrator\source\repos\荒野行动_ai\荒野行动\x64\release\class.obj
c:\users\administrator\source\repos\荒野行动_ai\x64\release\荒野行动.dll
c:\users\administrator\source\repos\荒野行动_ai\x64\release\荒野行动.pdb
c:\users\administrator\source\repos\荒野行动_ai\荒野行动\x64\release\荒野行动.res
c:\users\administrator\source\repos\荒野行动_ai\荒野行动\x64\release\荒野行动.ipdb
c:\users\administrator\source\repos\荒野行动_ai\荒野行动\x64\release\荒野行动.iobj
c:\users\administrator\source\repos\荒野行动_ai\荒野行动\x64\release\荒野行动.tlog\cl.command.1.tlog
c:\users\administrator\source\repos\荒野行动_ai\荒野行动\x64\release\荒野行动.tlog\cl.items.tlog
c:\users\administrator\source\repos\荒野行动_ai\荒野行动\x64\release\荒野行动.tlog\cl.read.1.tlog
c:\users\administrator\source\repos\荒野行动_ai\荒野行动\x64\release\荒野行动.tlog\cl.write.1.tlog
c:\users\administrator\source\repos\荒野行动_ai\荒野行动\x64\release\荒野行动.tlog\link.command.1.tlog
c:\users\administrator\source\repos\荒野行动_ai\荒野行动\x64\release\荒野行动.tlog\link.read.1.tlog
c:\users\administrator\source\repos\荒野行动_ai\荒野行动\x64\release\荒野行动.tlog\link.secondary.1.tlog
c:\users\administrator\source\repos\荒野行动_ai\荒野行动\x64\release\荒野行动.tlog\link.write.1.tlog
c:\users\administrator\source\repos\荒野行动_ai\荒野行动\x64\release\荒野行动.tlog\rc.command.1.tlog
c:\users\administrator\source\repos\荒野行动_ai\荒野行动\x64\release\荒野行动.tlog\rc.read.1.tlog
c:\users\administrator\source\repos\荒野行动_ai\荒野行动\x64\release\荒野行动.tlog\rc.write.1.tlog
