d:\1\repos\荒野行动_公益\荒野行动\x64\release\vc143.pdb
d:\1\repos\荒野行动_公益\荒野行动\x64\release\table.obj
d:\1\repos\荒野行动_公益\荒野行动\x64\release\struct.obj
d:\1\repos\荒野行动_公益\荒野行动\x64\release\imgui_widgets.obj
d:\1\repos\荒野行动_公益\荒野行动\x64\release\imgui_tables.obj
d:\1\repos\荒野行动_公益\荒野行动\x64\release\imgui_impl_win32.obj
d:\1\repos\荒野行动_公益\荒野行动\x64\release\imgui_impl_dx11.obj
d:\1\repos\荒野行动_公益\荒野行动\x64\release\imgui_draw.obj
d:\1\repos\荒野行动_公益\荒野行动\x64\release\imgui.obj
d:\1\repos\荒野行动_公益\荒野行动\x64\release\engine.obj
d:\1\repos\荒野行动_公益\荒野行动\x64\release\dx11.obj
d:\1\repos\荒野行动_公益\荒野行动\x64\release\dllmain.obj
d:\1\repos\荒野行动_公益\荒野行动\x64\release\class.obj
d:\1\repos\荒野行动_公益\x64\release\荒野行动_公益.dll
d:\1\repos\荒野行动_公益\x64\release\荒野行动_公益.pdb
d:\1\repos\荒野行动_公益\荒野行动\x64\release\荒野行动.res
d:\1\repos\荒野行动_公益\荒野行动\x64\release\荒野行动_公益.ipdb
d:\1\repos\荒野行动_公益\荒野行动\x64\release\荒野行动_公益.iobj
d:\1\repos\荒野行动_公益\荒野行动\x64\release\荒野行动_公益.tlog\cl.command.1.tlog
d:\1\repos\荒野行动_公益\荒野行动\x64\release\荒野行动_公益.tlog\cl.items.tlog
d:\1\repos\荒野行动_公益\荒野行动\x64\release\荒野行动_公益.tlog\cl.read.1.tlog
d:\1\repos\荒野行动_公益\荒野行动\x64\release\荒野行动_公益.tlog\cl.write.1.tlog
d:\1\repos\荒野行动_公益\荒野行动\x64\release\荒野行动_公益.tlog\link.command.1.tlog
d:\1\repos\荒野行动_公益\荒野行动\x64\release\荒野行动_公益.tlog\link.read.1.tlog
d:\1\repos\荒野行动_公益\荒野行动\x64\release\荒野行动_公益.tlog\link.secondary.1.tlog
d:\1\repos\荒野行动_公益\荒野行动\x64\release\荒野行动_公益.tlog\link.write.1.tlog
d:\1\repos\荒野行动_公益\荒野行动\x64\release\荒野行动_公益.tlog\rc.command.1.tlog
d:\1\repos\荒野行动_公益\荒野行动\x64\release\荒野行动_公益.tlog\rc.read.1.tlog
d:\1\repos\荒野行动_公益\荒野行动\x64\release\荒野行动_公益.tlog\rc.write.1.tlog
